<?xml version="1.0" encoding="UTF-8"?>
<testsuite xmlns:xsi="http://www.w3.org/2001/XMLSchema-instance" xsi:noNamespaceSchemaLocation="https://maven.apache.org/surefire/maven-surefire-plugin/xsd/surefire-test-report.xsd" name="cn.zzy.library_web.LibraryWebApplicationTests" time="15.28" tests="1" errors="0" skipped="0" failures="0">
  <properties>
    <property name="sun.desktop" value="windows"/>
    <property name="awt.toolkit" value="sun.awt.windows.WToolkit"/>
    <property name="file.encoding.pkg" value="sun.io"/>
    <property name="java.specification.version" value="1.8"/>
    <property name="sun.cpu.isalist" value="amd64"/>
    <property name="sun.jnu.encoding" value="GBK"/>
    <property name="java.class.path" value="C:\Users\曾子胤\Desktop\LibraryProject\end\target\test-classes;C:\Users\曾子胤\Desktop\LibraryProject\end\target\classes;D:\repo\org\springframework\boot\spring-boot-starter-jdbc\2.4.2\spring-boot-starter-jdbc-2.4.2.jar;D:\repo\org\springframework\boot\spring-boot-starter\2.4.2\spring-boot-starter-2.4.2.jar;D:\repo\org\springframework\boot\spring-boot\2.4.2\spring-boot-2.4.2.jar;D:\repo\org\springframework\boot\spring-boot-autoconfigure\2.4.2\spring-boot-autoconfigure-2.4.2.jar;D:\repo\org\springframework\boot\spring-boot-starter-logging\2.4.2\spring-boot-starter-logging-2.4.2.jar;D:\repo\ch\qos\logback\logback-classic\1.2.3\logback-classic-1.2.3.jar;D:\repo\ch\qos\logback\logback-core\1.2.3\logback-core-1.2.3.jar;D:\repo\org\apache\logging\log4j\log4j-to-slf4j\2.13.3\log4j-to-slf4j-2.13.3.jar;D:\repo\org\apache\logging\log4j\log4j-api\2.13.3\log4j-api-2.13.3.jar;D:\repo\org\slf4j\jul-to-slf4j\1.7.30\jul-to-slf4j-1.7.30.jar;D:\repo\jakarta\annotation\jakarta.annotation-api\1.3.5\jakarta.annotation-api-1.3.5.jar;D:\repo\org\yaml\snakeyaml\1.27\snakeyaml-1.27.jar;D:\repo\com\zaxxer\HikariCP\3.4.5\HikariCP-3.4.5.jar;D:\repo\org\slf4j\slf4j-api\1.7.30\slf4j-api-1.7.30.jar;D:\repo\org\springframework\spring-jdbc\5.3.3\spring-jdbc-5.3.3.jar;D:\repo\org\springframework\spring-beans\5.3.3\spring-beans-5.3.3.jar;D:\repo\org\springframework\spring-tx\5.3.3\spring-tx-5.3.3.jar;D:\repo\org\springframework\boot\spring-boot-starter-web\2.4.2\spring-boot-starter-web-2.4.2.jar;D:\repo\org\springframework\boot\spring-boot-starter-json\2.4.2\spring-boot-starter-json-2.4.2.jar;D:\repo\com\fasterxml\jackson\datatype\jackson-datatype-jdk8\2.11.4\jackson-datatype-jdk8-2.11.4.jar;D:\repo\com\fasterxml\jackson\datatype\jackson-datatype-jsr310\2.11.4\jackson-datatype-jsr310-2.11.4.jar;D:\repo\com\fasterxml\jackson\module\jackson-module-parameter-names\2.11.4\jackson-module-parameter-names-2.11.4.jar;D:\repo\org\springframework\boot\spring-boot-starter-tomcat\2.4.2\spring-boot-starter-tomcat-2.4.2.jar;D:\repo\org\apache\tomcat\embed\tomcat-embed-core\9.0.41\tomcat-embed-core-9.0.41.jar;D:\repo\org\glassfish\jakarta.el\3.0.3\jakarta.el-3.0.3.jar;D:\repo\org\apache\tomcat\embed\tomcat-embed-websocket\9.0.41\tomcat-embed-websocket-9.0.41.jar;D:\repo\org\springframework\spring-web\5.3.3\spring-web-5.3.3.jar;D:\repo\org\springframework\spring-webmvc\5.3.3\spring-webmvc-5.3.3.jar;D:\repo\org\springframework\spring-aop\5.3.3\spring-aop-5.3.3.jar;D:\repo\org\springframework\spring-context\5.3.3\spring-context-5.3.3.jar;D:\repo\org\springframework\spring-expression\5.3.3\spring-expression-5.3.3.jar;D:\repo\org\mybatis\spring\boot\mybatis-spring-boot-starter\2.1.2\mybatis-spring-boot-starter-2.1.2.jar;D:\repo\org\mybatis\spring\boot\mybatis-spring-boot-autoconfigure\2.1.2\mybatis-spring-boot-autoconfigure-2.1.2.jar;D:\repo\org\mybatis\mybatis\3.5.4\mybatis-3.5.4.jar;D:\repo\org\mybatis\mybatis-spring\2.0.4\mybatis-spring-2.0.4.jar;D:\repo\org\springframework\boot\spring-boot-starter-actuator\2.4.2\spring-boot-starter-actuator-2.4.2.jar;D:\repo\org\springframework\boot\spring-boot-actuator-autoconfigure\2.4.2\spring-boot-actuator-autoconfigure-2.4.2.jar;D:\repo\org\springframework\boot\spring-boot-actuator\2.4.2\spring-boot-actuator-2.4.2.jar;D:\repo\io\micrometer\micrometer-core\1.6.3\micrometer-core-1.6.3.jar;D:\repo\org\hdrhistogram\HdrHistogram\2.1.12\HdrHistogram-2.1.12.jar;D:\repo\org\latencyutils\LatencyUtils\2.0.3\LatencyUtils-2.0.3.jar;D:\repo\mysql\mysql-connector-java\8.0.22\mysql-connector-java-8.0.22.jar;D:\repo\io\jsonwebtoken\jjwt\0.7.0\jjwt-0.7.0.jar;D:\repo\com\fasterxml\jackson\core\jackson-databind\2.11.4\jackson-databind-2.11.4.jar;D:\repo\com\fasterxml\jackson\core\jackson-annotations\2.11.4\jackson-annotations-2.11.4.jar;D:\repo\com\fasterxml\jackson\core\jackson-core\2.11.4\jackson-core-2.11.4.jar;D:\repo\com\auth0\java-jwt\3.4.0\java-jwt-3.4.0.jar;D:\repo\commons-codec\commons-codec\1.15\commons-codec-1.15.jar;D:\repo\org\springframework\boot\spring-boot-starter-test\2.4.2\spring-boot-starter-test-2.4.2.jar;D:\repo\org\springframework\boot\spring-boot-test\2.4.2\spring-boot-test-2.4.2.jar;D:\repo\org\springframework\boot\spring-boot-test-autoconfigure\2.4.2\spring-boot-test-autoconfigure-2.4.2.jar;D:\repo\com\jayway\jsonpath\json-path\2.4.0\json-path-2.4.0.jar;D:\repo\net\minidev\json-smart\2.3\json-smart-2.3.jar;D:\repo\net\minidev\accessors-smart\1.2\accessors-smart-1.2.jar;D:\repo\org\ow2\asm\asm\5.0.4\asm-5.0.4.jar;D:\repo\jakarta\xml\bind\jakarta.xml.bind-api\2.3.3\jakarta.xml.bind-api-2.3.3.jar;D:\repo\jakarta\activation\jakarta.activation-api\1.2.2\jakarta.activation-api-1.2.2.jar;D:\repo\org\assertj\assertj-core\3.18.1\assertj-core-3.18.1.jar;D:\repo\org\hamcrest\hamcrest\2.2\hamcrest-2.2.jar;D:\repo\org\junit\jupiter\junit-jupiter\5.7.0\junit-jupiter-5.7.0.jar;D:\repo\org\junit\jupiter\junit-jupiter-api\5.7.0\junit-jupiter-api-5.7.0.jar;D:\repo\org\apiguardian\apiguardian-api\1.1.0\apiguardian-api-1.1.0.jar;D:\repo\org\opentest4j\opentest4j\1.2.0\opentest4j-1.2.0.jar;D:\repo\org\junit\platform\junit-platform-commons\1.7.0\junit-platform-commons-1.7.0.jar;D:\repo\org\junit\jupiter\junit-jupiter-params\5.7.0\junit-jupiter-params-5.7.0.jar;D:\repo\org\junit\jupiter\junit-jupiter-engine\5.7.0\junit-jupiter-engine-5.7.0.jar;D:\repo\org\junit\platform\junit-platform-engine\1.7.0\junit-platform-engine-1.7.0.jar;D:\repo\org\mockito\mockito-core\3.6.28\mockito-core-3.6.28.jar;D:\repo\net\bytebuddy\byte-buddy\1.10.19\byte-buddy-1.10.19.jar;D:\repo\net\bytebuddy\byte-buddy-agent\1.10.19\byte-buddy-agent-1.10.19.jar;D:\repo\org\objenesis\objenesis\3.1\objenesis-3.1.jar;D:\repo\org\mockito\mockito-junit-jupiter\3.6.28\mockito-junit-jupiter-3.6.28.jar;D:\repo\org\skyscreamer\jsonassert\1.5.0\jsonassert-1.5.0.jar;D:\repo\com\vaadin\external\google\android-json\0.0.20131108.vaadin1\android-json-0.0.20131108.vaadin1.jar;D:\repo\org\springframework\spring-core\5.3.3\spring-core-5.3.3.jar;D:\repo\org\springframework\spring-jcl\5.3.3\spring-jcl-5.3.3.jar;D:\repo\org\springframework\spring-test\5.3.3\spring-test-5.3.3.jar;D:\repo\org\xmlunit\xmlunit-core\2.7.0\xmlunit-core-2.7.0.jar;D:\repo\com\alibaba\fastjson\1.2.28\fastjson-1.2.28.jar;D:\repo\log4j\log4j\1.2.17\log4j-1.2.17.jar;"/>
    <property name="java.vm.vendor" value="Oracle Corporation"/>
    <property name="sun.arch.data.model" value="64"/>
    <property name="user.variant" value=""/>
    <property name="java.vendor.url" value="http://java.oracle.com/"/>
    <property name="user.timezone" value="GMT+08:00"/>
    <property name="java.vm.specification.version" value="1.8"/>
    <property name="os.name" value="Windows 10"/>
    <property name="user.country" value="CN"/>
    <property name="sun.java.launcher" value="SUN_STANDARD"/>
    <property name="sun.boot.library.path" value="D:\software\JDK\jdk1.8\jre\bin"/>
    <property name="sun.java.command" value="C:\Users\曾子胤\AppData\Local\Temp\surefire8041163611822226937\surefirebooter8934724667624941075.jar C:\Users\曾子胤\AppData\Local\Temp\surefire8041163611822226937 2021-05-12T19-17-10_685-jvmRun1 surefire5736215122061025823tmp surefire_02033484441916895959tmp"/>
    <property name="surefire.test.class.path" value="C:\Users\曾子胤\Desktop\LibraryProject\end\target\test-classes;C:\Users\曾子胤\Desktop\LibraryProject\end\target\classes;D:\repo\org\springframework\boot\spring-boot-starter-jdbc\2.4.2\spring-boot-starter-jdbc-2.4.2.jar;D:\repo\org\springframework\boot\spring-boot-starter\2.4.2\spring-boot-starter-2.4.2.jar;D:\repo\org\springframework\boot\spring-boot\2.4.2\spring-boot-2.4.2.jar;D:\repo\org\springframework\boot\spring-boot-autoconfigure\2.4.2\spring-boot-autoconfigure-2.4.2.jar;D:\repo\org\springframework\boot\spring-boot-starter-logging\2.4.2\spring-boot-starter-logging-2.4.2.jar;D:\repo\ch\qos\logback\logback-classic\1.2.3\logback-classic-1.2.3.jar;D:\repo\ch\qos\logback\logback-core\1.2.3\logback-core-1.2.3.jar;D:\repo\org\apache\logging\log4j\log4j-to-slf4j\2.13.3\log4j-to-slf4j-2.13.3.jar;D:\repo\org\apache\logging\log4j\log4j-api\2.13.3\log4j-api-2.13.3.jar;D:\repo\org\slf4j\jul-to-slf4j\1.7.30\jul-to-slf4j-1.7.30.jar;D:\repo\jakarta\annotation\jakarta.annotation-api\1.3.5\jakarta.annotation-api-1.3.5.jar;D:\repo\org\yaml\snakeyaml\1.27\snakeyaml-1.27.jar;D:\repo\com\zaxxer\HikariCP\3.4.5\HikariCP-3.4.5.jar;D:\repo\org\slf4j\slf4j-api\1.7.30\slf4j-api-1.7.30.jar;D:\repo\org\springframework\spring-jdbc\5.3.3\spring-jdbc-5.3.3.jar;D:\repo\org\springframework\spring-beans\5.3.3\spring-beans-5.3.3.jar;D:\repo\org\springframework\spring-tx\5.3.3\spring-tx-5.3.3.jar;D:\repo\org\springframework\boot\spring-boot-starter-web\2.4.2\spring-boot-starter-web-2.4.2.jar;D:\repo\org\springframework\boot\spring-boot-starter-json\2.4.2\spring-boot-starter-json-2.4.2.jar;D:\repo\com\fasterxml\jackson\datatype\jackson-datatype-jdk8\2.11.4\jackson-datatype-jdk8-2.11.4.jar;D:\repo\com\fasterxml\jackson\datatype\jackson-datatype-jsr310\2.11.4\jackson-datatype-jsr310-2.11.4.jar;D:\repo\com\fasterxml\jackson\module\jackson-module-parameter-names\2.11.4\jackson-module-parameter-names-2.11.4.jar;D:\repo\org\springframework\boot\spring-boot-starter-tomcat\2.4.2\spring-boot-starter-tomcat-2.4.2.jar;D:\repo\org\apache\tomcat\embed\tomcat-embed-core\9.0.41\tomcat-embed-core-9.0.41.jar;D:\repo\org\glassfish\jakarta.el\3.0.3\jakarta.el-3.0.3.jar;D:\repo\org\apache\tomcat\embed\tomcat-embed-websocket\9.0.41\tomcat-embed-websocket-9.0.41.jar;D:\repo\org\springframework\spring-web\5.3.3\spring-web-5.3.3.jar;D:\repo\org\springframework\spring-webmvc\5.3.3\spring-webmvc-5.3.3.jar;D:\repo\org\springframework\spring-aop\5.3.3\spring-aop-5.3.3.jar;D:\repo\org\springframework\spring-context\5.3.3\spring-context-5.3.3.jar;D:\repo\org\springframework\spring-expression\5.3.3\spring-expression-5.3.3.jar;D:\repo\org\mybatis\spring\boot\mybatis-spring-boot-starter\2.1.2\mybatis-spring-boot-starter-2.1.2.jar;D:\repo\org\mybatis\spring\boot\mybatis-spring-boot-autoconfigure\2.1.2\mybatis-spring-boot-autoconfigure-2.1.2.jar;D:\repo\org\mybatis\mybatis\3.5.4\mybatis-3.5.4.jar;D:\repo\org\mybatis\mybatis-spring\2.0.4\mybatis-spring-2.0.4.jar;D:\repo\org\springframework\boot\spring-boot-starter-actuator\2.4.2\spring-boot-starter-actuator-2.4.2.jar;D:\repo\org\springframework\boot\spring-boot-actuator-autoconfigure\2.4.2\spring-boot-actuator-autoconfigure-2.4.2.jar;D:\repo\org\springframework\boot\spring-boot-actuator\2.4.2\spring-boot-actuator-2.4.2.jar;D:\repo\io\micrometer\micrometer-core\1.6.3\micrometer-core-1.6.3.jar;D:\repo\org\hdrhistogram\HdrHistogram\2.1.12\HdrHistogram-2.1.12.jar;D:\repo\org\latencyutils\LatencyUtils\2.0.3\LatencyUtils-2.0.3.jar;D:\repo\mysql\mysql-connector-java\8.0.22\mysql-connector-java-8.0.22.jar;D:\repo\io\jsonwebtoken\jjwt\0.7.0\jjwt-0.7.0.jar;D:\repo\com\fasterxml\jackson\core\jackson-databind\2.11.4\jackson-databind-2.11.4.jar;D:\repo\com\fasterxml\jackson\core\jackson-annotations\2.11.4\jackson-annotations-2.11.4.jar;D:\repo\com\fasterxml\jackson\core\jackson-core\2.11.4\jackson-core-2.11.4.jar;D:\repo\com\auth0\java-jwt\3.4.0\java-jwt-3.4.0.jar;D:\repo\commons-codec\commons-codec\1.15\commons-codec-1.15.jar;D:\repo\org\springframework\boot\spring-boot-starter-test\2.4.2\spring-boot-starter-test-2.4.2.jar;D:\repo\org\springframework\boot\spring-boot-test\2.4.2\spring-boot-test-2.4.2.jar;D:\repo\org\springframework\boot\spring-boot-test-autoconfigure\2.4.2\spring-boot-test-autoconfigure-2.4.2.jar;D:\repo\com\jayway\jsonpath\json-path\2.4.0\json-path-2.4.0.jar;D:\repo\net\minidev\json-smart\2.3\json-smart-2.3.jar;D:\repo\net\minidev\accessors-smart\1.2\accessors-smart-1.2.jar;D:\repo\org\ow2\asm\asm\5.0.4\asm-5.0.4.jar;D:\repo\jakarta\xml\bind\jakarta.xml.bind-api\2.3.3\jakarta.xml.bind-api-2.3.3.jar;D:\repo\jakarta\activation\jakarta.activation-api\1.2.2\jakarta.activation-api-1.2.2.jar;D:\repo\org\assertj\assertj-core\3.18.1\assertj-core-3.18.1.jar;D:\repo\org\hamcrest\hamcrest\2.2\hamcrest-2.2.jar;D:\repo\org\junit\jupiter\junit-jupiter\5.7.0\junit-jupiter-5.7.0.jar;D:\repo\org\junit\jupiter\junit-jupiter-api\5.7.0\junit-jupiter-api-5.7.0.jar;D:\repo\org\apiguardian\apiguardian-api\1.1.0\apiguardian-api-1.1.0.jar;D:\repo\org\opentest4j\opentest4j\1.2.0\opentest4j-1.2.0.jar;D:\repo\org\junit\platform\junit-platform-commons\1.7.0\junit-platform-commons-1.7.0.jar;D:\repo\org\junit\jupiter\junit-jupiter-params\5.7.0\junit-jupiter-params-5.7.0.jar;D:\repo\org\junit\jupiter\junit-jupiter-engine\5.7.0\junit-jupiter-engine-5.7.0.jar;D:\repo\org\junit\platform\junit-platform-engine\1.7.0\junit-platform-engine-1.7.0.jar;D:\repo\org\mockito\mockito-core\3.6.28\mockito-core-3.6.28.jar;D:\repo\net\bytebuddy\byte-buddy\1.10.19\byte-buddy-1.10.19.jar;D:\repo\net\bytebuddy\byte-buddy-agent\1.10.19\byte-buddy-agent-1.10.19.jar;D:\repo\org\objenesis\objenesis\3.1\objenesis-3.1.jar;D:\repo\org\mockito\mockito-junit-jupiter\3.6.28\mockito-junit-jupiter-3.6.28.jar;D:\repo\org\skyscreamer\jsonassert\1.5.0\jsonassert-1.5.0.jar;D:\repo\com\vaadin\external\google\android-json\0.0.20131108.vaadin1\android-json-0.0.20131108.vaadin1.jar;D:\repo\org\springframework\spring-core\5.3.3\spring-core-5.3.3.jar;D:\repo\org\springframework\spring-jcl\5.3.3\spring-jcl-5.3.3.jar;D:\repo\org\springframework\spring-test\5.3.3\spring-test-5.3.3.jar;D:\repo\org\xmlunit\xmlunit-core\2.7.0\xmlunit-core-2.7.0.jar;D:\repo\com\alibaba\fastjson\1.2.28\fastjson-1.2.28.jar;D:\repo\log4j\log4j\1.2.17\log4j-1.2.17.jar;"/>
    <property name="sun.cpu.endian" value="little"/>
    <property name="user.home" value="C:\Users\曾子胤"/>
    <property name="user.language" value="zh"/>
    <property name="java.specification.vendor" value="Oracle Corporation"/>
    <property name="java.home" value="D:\software\JDK\jdk1.8\jre"/>
    <property name="basedir" value="C:\Users\曾子胤\Desktop\LibraryProject\end"/>
    <property name="file.separator" value="\"/>
    <property name="line.separator" value="&#10;"/>
    <property name="java.vm.specification.vendor" value="Oracle Corporation"/>
    <property name="java.specification.name" value="Java Platform API Specification"/>
    <property name="java.awt.graphicsenv" value="sun.awt.Win32GraphicsEnvironment"/>
    <property name="surefire.real.class.path" value="C:\Users\曾子胤\AppData\Local\Temp\surefire8041163611822226937\surefirebooter8934724667624941075.jar"/>
    <property name="sun.boot.class.path" value="D:\software\JDK\jdk1.8\jre\lib\resources.jar;D:\software\JDK\jdk1.8\jre\lib\rt.jar;D:\software\JDK\jdk1.8\jre\lib\sunrsasign.jar;D:\software\JDK\jdk1.8\jre\lib\jsse.jar;D:\software\JDK\jdk1.8\jre\lib\jce.jar;D:\software\JDK\jdk1.8\jre\lib\charsets.jar;D:\software\JDK\jdk1.8\jre\lib\jfr.jar;D:\software\JDK\jdk1.8\jre\classes"/>
    <property name="user.script" value=""/>
    <property name="sun.management.compiler" value="HotSpot 64-Bit Tiered Compilers"/>
    <property name="java.runtime.version" value="1.8.0_191-b12"/>
    <property name="user.name" value="曾子胤"/>
    <property name="path.separator" value=";"/>
    <property name="os.version" value="10.0"/>
    <property name="java.endorsed.dirs" value="D:\software\JDK\jdk1.8\jre\lib\endorsed"/>
    <property name="java.runtime.name" value="Java(TM) SE Runtime Environment"/>
    <property name="file.encoding" value="GBK"/>
    <property name="java.vm.name" value="Java HotSpot(TM) 64-Bit Server VM"/>
    <property name="localRepository" value="D:\repo"/>
    <property name="java.vendor.url.bug" value="http://bugreport.sun.com/bugreport/"/>
    <property name="java.io.tmpdir" value="C:\Users\曾子胤\AppData\Local\Temp\"/>
    <property name="java.version" value="1.8.0_191"/>
    <property name="user.dir" value="C:\Users\曾子胤\Desktop\LibraryProject\end"/>
    <property name="os.arch" value="amd64"/>
    <property name="java.vm.specification.name" value="Java Virtual Machine Specification"/>
    <property name="java.awt.printerjob" value="sun.awt.windows.WPrinterJob"/>
    <property name="sun.os.patch.level" value=""/>
    <property name="java.library.path" value="D:\software\JDK\jdk1.8\jre\bin;C:\WINDOWS\Sun\Java\bin;C:\WINDOWS\system32;C:\WINDOWS;C:\Windows\system32;C:\Windows;C:\Windows\System32\Wbem;C:\Windows\System32\WindowsPowerShell\v1.0\;C:\Program Files (x86)\NVIDIA Corporation\PhysX\Common;D:\software\JDK\jdk1.8\bin;D:\java-internship\hadoop-2.9.2\bin;D:\java-internship\hadoop-2.9.2\sbin;D:\software\Tomcat\tomcat8.5\bin;D:\software\maven\maven3.6.0\bin;D:\software\nodejs\;&quot;;C:\WINDOWS\system32;C:\WINDOWS;;C:\WINDOWS\System32\Wbem;C:\WINDOWS\System32\WindowsPowerShell\v1.0\;C:\WINDOWS\System32\OpenSSH\&quot;;D:\software\maven\maven3.6.0\bin;D:\360安全浏览器下载\PyCharm 2019.1.2\Scripts\;D:\360安全浏览器下载\PyCharm 2019.1.2\;C:\Users\曾子胤\AppData\Local\Microsoft\WindowsApps;D:\software\nodejs\node_global;C:\Users\曾子胤\AppData\Roaming\npm;D:\software\vscode\vscode1.51.1\bin;;."/>
    <property name="java.vm.info" value="mixed mode"/>
    <property name="java.vendor" value="Oracle Corporation"/>
    <property name="java.vm.version" value="25.191-b12"/>
    <property name="java.ext.dirs" value="D:\software\JDK\jdk1.8\jre\lib\ext;C:\WINDOWS\Sun\Java\lib\ext"/>
    <property name="sun.io.unicode.encoding" value="UnicodeLittle"/>
    <property name="java.class.version" value="52.0"/>
  </properties>
  <testcase name="contextLoads" classname="cn.zzy.library_web.LibraryWebApplicationTests" time="0.486"/>
</testsuite>